# JRE version: Java(TM) SE Runtime Environment (8.0_311-b11) (build 1.8.0_311-b11)
# Java VM: Java HotSpot(TM) 64-Bit Server VM (25.311-b11 mixed mode windows-amd64 compressed oops)
Heap:
 PSYoungGen      total 22016K, used 12292K [0x00000000eb800000, 0x00000000ed400000, 0x0000000100000000)
  eden space 15360K, 79% used [0x00000000eb800000,0x00000000ec3f90c8,0x00000000ec700000)
  from space 6656K, 0% used [0x00000000ec700000,0x00000000ec708000,0x00000000ecd80000)
  to   space 6656K, 0% used [0x00000000ecd80000,0x00000000ecd80000,0x00000000ed400000)
 ParOldGen       total 42496K, used 8662K [0x00000000c2800000, 0x00000000c5180000, 0x00000000eb800000)
  object space 42496K, 20% used [0x00000000c2800000,0x00000000c3075a08,0x00000000c5180000)
 Metaspace       used 14606K, capacity 15314K, committed 15488K, reserved 1062912K
  class space    used 1733K, capacity 1915K, committed 1920K, reserved 1048576K
GC Heap History (10 events):
Event: 78.834 GC heap before
{Heap before GC invocations=7 (full 0):
 PSYoungGen      total 21504K, used 18480K [0x00000000eb800000, 0x00000000ed280000, 0x0000000100000000)
  eden space 15872K, 100% used [0x00000000eb800000,0x00000000ec780000,0x00000000ec780000)
  from space 5632K, 46% used [0x00000000ecd00000,0x00000000ecf8c020,0x00000000ed280000)
  to   space 5632K, 0% used [0x00000000ec780000,0x00000000ec780000,0x00000000ecd00000)
 ParOldGen       total 42496K, used 6042K [0x00000000c2800000, 0x00000000c5180000, 0x00000000eb800000)
  object space 42496K, 14% used [0x00000000c2800000,0x00000000c2de6988,0x00000000c5180000)
 Metaspace       used 14587K, capacity 15306K, committed 15488K, reserved 1062912K
  class space    used 1733K, capacity 1915K, committed 1920K, reserved 1048576K
Event: 78.848 GC heap after
Heap after GC invocations=7 (full 0):
 PSYoungGen      total 21504K, used 608K [0x00000000eb800000, 0x00000000ed380000, 0x0000000100000000)
  eden space 15872K, 0% used [0x00000000eb800000,0x00000000eb800000,0x00000000ec780000)
  from space 5632K, 10% used [0x00000000ec780000,0x00000000ec818000,0x00000000ecd00000)
  to   space 6144K, 0% used [0x00000000ecd80000,0x00000000ecd80000,0x00000000ed380000)
 ParOldGen       total 42496K, used 8082K [0x00000000c2800000, 0x00000000c5180000, 0x00000000eb800000)
  object space 42496K, 19% used [0x00000000c2800000,0x00000000c2fe49d8,0x00000000c5180000)
 Metaspace       used 14587K, capacity 15306K, committed 15488K, reserved 1062912K
  class space    used 1733K, capacity 1915K, committed 1920K, reserved 1048576K
}
Event: 94.184 GC heap before
{Heap before GC invocations=8 (full 0):
 PSYoungGen      total 21504K, used 16480K [0x00000000eb800000, 0x00000000ed380000, 0x0000000100000000)
  eden space 15872K, 100% used [0x00000000eb800000,0x00000000ec780000,0x00000000ec780000)
  from space 5632K, 10% used [0x00000000ec780000,0x00000000ec818000,0x00000000ecd00000)
  to   space 6144K, 0% used [0x00000000ecd80000,0x00000000ecd80000,0x00000000ed380000)
 ParOldGen       total 42496K, used 8082K [0x00000000c2800000, 0x00000000c5180000, 0x00000000eb800000)
  object space 42496K, 19% used [0x00000000c2800000,0x00000000c2fe49d8,0x00000000c5180000)
 Metaspace       used 14595K, capacity 15306K, committed 15488K, reserved 1062912K
  class space    used 1733K, capacity 1915K, committed 1920K, reserved 1048576K
Event: 94.187 GC heap after
Heap after GC invocations=8 (full 0):
 PSYoungGen      total 21504K, used 128K [0x00000000eb800000, 0x00000000ed480000, 0x0000000100000000)
  eden space 15360K, 0% used [0x00000000eb800000,0x00000000eb800000,0x00000000ec700000)
  from space 6144K, 2% used [0x00000000ecd80000,0x00000000ecda0000,0x00000000ed380000)
  to   space 6656K, 0% used [0x00000000ec700000,0x00000000ec700000,0x00000000ecd80000)
 ParOldGen       total 42496K, used 8606K [0x00000000c2800000, 0x00000000c5180000, 0x00000000eb800000)
  object space 42496K, 20% used [0x00000000c2800000,0x00000000c3067a08,0x00000000c5180000)
 Metaspace       used 14595K, capacity 15306K, committed 15488K, reserved 1062912K
  class space    used 1733K, capacity 1915K, committed 1920K, reserved 1048576K
}
Event: 111.556 GC heap before
{Heap before GC invocations=9 (full 0):
 PSYoungGen      total 21504K, used 15488K [0x00000000eb800000, 0x00000000ed480000, 0x0000000100000000)
  eden space 15360K, 100% used [0x00000000eb800000,0x00000000ec700000,0x00000000ec700000)
  from space 6144K, 2% used [0x00000000ecd80000,0x00000000ecda0000,0x00000000ed380000)
  to   space 6656K, 0% used [0x00000000ec700000,0x00000000ec700000,0x00000000ecd80000)
 ParOldGen       total 42496K, used 8606K [0x00000000c2800000, 0x00000000c5180000, 0x00000000eb800000)
  object space 42496K, 20% used [0x00000000c2800000,0x00000000c3067a08,0x00000000c5180000)
 Metaspace       used 14601K, capacity 15314K, committed 15488K, reserved 1062912K
  class space    used 1733K, capacity 1915K, committed 1920K, reserved 1048576K
Event: 111.557 GC heap after
Heap after GC invocations=9 (full 0):
 PSYoungGen      total 22016K, used 64K [0x00000000eb800000, 0x00000000ed400000, 0x0000000100000000)
  eden space 15360K, 0% used [0x00000000eb800000,0x00000000eb800000,0x00000000ec700000)
  from space 6656K, 0% used [0x00000000ec700000,0x00000000ec710000,0x00000000ecd80000)
  to   space 6656K, 0% used [0x00000000ecd80000,0x00000000ecd80000,0x00000000ed400000)
 ParOldGen       total 42496K, used 8630K [0x00000000c2800000, 0x00000000c5180000, 0x00000000eb800000)
  object space 42496K, 20% used [0x00000000c2800000,0x00000000c306da08,0x00000000c5180000)
 Metaspace       used 14601K, capacity 15314K, committed 15488K, reserved 1062912K
  class space    used 1733K, capacity 1915K, committed 1920K, reserved 1048576K
}
Event: 130.839 GC heap before
{Heap before GC invocations=10 (full 0):
 PSYoungGen      total 22016K, used 15424K [0x00000000eb800000, 0x00000000ed400000, 0x0000000100000000)
  eden space 15360K, 100% used [0x00000000eb800000,0x00000000ec700000,0x00000000ec700000)
  from space 6656K, 0% used [0x00000000ec700000,0x00000000ec710000,0x00000000ecd80000)
  to   space 6656K, 0% used [0x00000000ecd80000,0x00000000ecd80000,0x00000000ed400000)
 ParOldGen       total 42496K, used 8630K [0x00000000c2800000, 0x00000000c5180000, 0x00000000eb800000)
  object space 42496K, 20% used [0x00000000c2800000,0x00000000c306da08,0x00000000c5180000)
 Metaspace       used 14601K, capacity 15314K, committed 15488K, reserved 1062912K
  class space    used 1733K, capacity 1915K, committed 1920K, reserved 1048576K
Event: 130.840 GC heap after
Heap after GC invocations=10 (full 0):
 PSYoungGen      total 22016K, used 96K [0x00000000eb800000, 0x00000000ed400000, 0x0000000100000000)
  eden space 15360K, 0% used [0x00000000eb800000,0x00000000eb800000,0x00000000ec700000)
  from space 6656K, 1% used [0x00000000ecd80000,0x00000000ecd98000,0x00000000ed400000)
  to   space 6656K, 0% used [0x00000000ec700000,0x00000000ec700000,0x00000000ecd80000)
 ParOldGen       total 42496K, used 8654K [0x00000000c2800000, 0x00000000c5180000, 0x00000000eb800000)
  object space 42496K, 20% used [0x00000000c2800000,0x00000000c3073a08,0x00000000c5180000)
 Metaspace       used 14601K, capacity 15314K, committed 15488K, reserved 1062912K
  class space    used 1733K, capacity 1915K, committed 1920K, reserved 1048576K
}
Event: 148.752 GC heap before
{Heap before GC invocations=11 (full 0):
 PSYoungGen      total 22016K, used 15456K [0x00000000eb800000, 0x00000000ed400000, 0x0000000100000000)
  eden space 15360K, 100% used [0x00000000eb800000,0x00000000ec700000,0x00000000ec700000)
  from space 6656K, 1% used [0x00000000ecd80000,0x00000000ecd98000,0x00000000ed400000)
  to   space 6656K, 0% used [0x00000000ec700000,0x00000000ec700000,0x00000000ecd80000)
 ParOldGen       total 42496K, used 8654K [0x00000000c2800000, 0x00000000c5180000, 0x00000000eb800000)
  object space 42496K, 20% used [0x00000000c2800000,0x00000000c3073a08,0x00000000c5180000)
 Metaspace       used 14606K, capacity 15314K, committed 15488K, reserved 1062912K
  class space    used 1733K, capacity 1915K, committed 1920K, reserved 1048576K
Event: 148.753 GC heap after
Heap after GC invocations=11 (full 0):
 PSYoungGen      total 22016K, used 32K [0x00000000eb800000, 0x00000000ed400000, 0x0000000100000000)
  eden space 15360K, 0% used [0x00000000eb800000,0x00000000eb800000,0x00000000ec700000)
  from space 6656K, 0% used [0x00000000ec700000,0x00000000ec708000,0x00000000ecd80000)
  to   space 6656K, 0% used [0x00000000ecd80000,0x00000000ecd80000,0x00000000ed400000)
 ParOldGen       total 42496K, used 8662K [0x00000000c2800000, 0x00000000c5180000, 0x00000000eb800000)
  object space 42496K, 20% used [0x00000000c2800000,0x00000000c3075a08,0x00000000c5180000)
 Metaspace       used 14606K, capacity 15314K, committed 15488K, reserved 1062912K
  class space    used 1733K, capacity 1915K, committed 1920K, reserved 1048576K
}

